<?xml version="1.0" encoding="UTF-8"?>
<!-- Generated by org.testng.reporters.JUnitReportReporter -->
<testsuite skipped="0" hostname="360NDCLP101" name="gittaskpack.DemoTestScript" tests="2" failures="0" timestamp="2020-05-21T10:55:19 IST" time="45.079" errors="0">
  <testcase name="openSeoMenuLink" time="26.440" classname="gittaskpack.DemoTestScript"/>
  <system-out/>
  <testcase name="DeleteUser" time="18.639" classname="gittaskpack.DemoTestScript"/>
  <system-out/>
</testsuite> <!-- gittaskpack.DemoTestScript -->
