<?xml version="1.0" encoding="UTF-8"?>
<!-- Generated by org.testng.reporters.JUnitReportReporter -->
<testsuite skipped="0" hostname="360NDCLP101" name="com.irctc.pack.TestScript" tests="2" failures="0" timestamp="2020-05-13T15:00:43 IST" time="46.825" errors="0">
  <testcase name="verfiyWrongCredentials" time="17.001" classname="com.irctc.pack.TestScript"/>
  <system-out>
Invalid credentials error mesg check  </system-out>
  <testcase name="verifyValidUserLogin" time="29.824" classname="com.irctc.pack.TestScript"/>
  <system-out>
User logged in Successfully. User logout successfully.  </system-out>
</testsuite> <!-- com.irctc.pack.TestScript -->
