<?xml version="1.0" encoding="UTF-8"?>
<!-- Generated by org.testng.reporters.JUnitReportReporter -->
<testsuite skipped="0" hostname="360NDCLP101" name="com.irctc.pack.TestScript" tests="1" failures="0" timestamp="2020-05-18T15:36:20 IST" time="35.606" errors="0">
  <testcase name="uploadimag" time="35.606" classname="com.irctc.pack.TestScript"/>
  <system-out/>
</testsuite> <!-- com.irctc.pack.TestScript -->
